<?xml version="1.0" encoding="UTF-8"?>
<!-- Generated by org.testng.reporters.JUnitReportReporter -->
<testsuite hostname="DESKTOP-4BSLIP7" failures="0" tests="4" name="com.TestNG_priority.code.Priority" time="0.016" errors="0" timestamp="2022-08-14T16:08:50 EDT" skipped="0">
  <testcase classname="com.TestNG_priority.code.Priority" name="DD" time="0.012"/>
  <system-out/>
  <testcase classname="com.TestNG_priority.code.Priority" name="AA" time="0.002"/>
  <system-out/>
  <testcase classname="com.TestNG_priority.code.Priority" name="BB" time="0.001"/>
  <system-out/>
  <testcase classname="com.TestNG_priority.code.Priority" name="CC" time="0.001"/>
  <system-out/>
</testsuite> <!-- com.TestNG_priority.code.Priority -->
