<?xml version="1.0" encoding="UTF-8"?>
<!-- Generated by org.testng.reporters.JUnitReportReporter -->
<testsuite hostname="DESKTOP-4BSLIP7" failures="0" tests="3" name="Single_DataProvider.Basic_Data_Providers" time="0.008" errors="0" timestamp="2022-08-16T17:00:39 EDT" skipped="0">
  <testcase classname="Single_DataProvider.Basic_Data_Providers" name="RegisteringNewUser" time="0.000"/>
  <system-out/>
  <testcase classname="Single_DataProvider.Basic_Data_Providers" name="RegisteringNewUser" time="0.008"/>
  <system-out/>
  <testcase classname="Single_DataProvider.Basic_Data_Providers" name="RegisteringNewUser" time="0.000"/>
  <system-out/>
</testsuite> <!-- Single_DataProvider.Basic_Data_Providers -->
