<?xml version="1.0" encoding="UTF-8"?>
<!-- Generated by org.testng.reporters.JUnitReportReporter -->
<testsuite hostname="DESKTOP-4BSLIP7" failures="0" tests="3" name="com.testng.code.Combination_BeforeMethod_AfterMethod" time="0.008" errors="0" timestamp="2022-08-16T16:30:31 EDT" skipped="0">
  <testcase classname="com.testng.code.Combination_BeforeMethod_AfterMethod" name="LaunchBrowser" time="0.003"/>
  <system-out/>
  <testcase classname="com.testng.code.Combination_BeforeMethod_AfterMethod" name="LoginTest" time="0.002"/>
  <system-out/>
  <testcase classname="com.testng.code.Combination_BeforeMethod_AfterMethod" name="HomePageValidationTest" time="0.003"/>
  <system-out/>
</testsuite> <!-- com.testng.code.Combination_BeforeMethod_AfterMethod -->
