<?xml version="1.0" encoding="UTF-8"?>
<!-- Generated by org.testng.reporters.JUnitReportReporter -->
<testsuite hostname="DESKTOP-4BSLIP7" failures="0" tests="1" name="com.testng.code.Sequence_Annotations" time="0.003" errors="0" timestamp="2022-08-16T16:30:31 EDT" skipped="0">
  <testcase classname="com.testng.code.Sequence_Annotations" name="testCase1" time="0.003"/>
  <system-out/>
</testsuite> <!-- com.testng.code.Sequence_Annotations -->
