<?xml version="1.0" encoding="UTF-8"?>
<!-- Generated by org.testng.reporters.JUnitReportReporter -->
<testsuite hostname="DESKTOP-4BSLIP7" failures="0" tests="3" name="ITestContext_Interface.ITest_Context_Interface" time="0.008" errors="0" timestamp="2022-08-24T21:28:17 EDT" skipped="0">
  <testcase classname="ITestContext_Interface.ITest_Context_Interface" name="setUp" time="0.006"/>
  <system-out/>
  <testcase classname="ITestContext_Interface.ITest_Context_Interface" name="Login" time="0.002"/>
  <system-out/>
  <testcase classname="ITestContext_Interface.ITest_Context_Interface" name="exit" time="0.000"/>
  <system-out/>
</testsuite> <!-- ITestContext_Interface.ITest_Context_Interface -->
