<?xml version="1.0" encoding="UTF-8"?>
<!-- Generated by org.testng.reporters.JUnitReportReporter -->
<testsuite hostname="DESKTOP-4BSLIP7" failures="0" tests="1" name="com.testng.code.Rediff_TestNG" time="7.030" errors="0" timestamp="2022-07-31T19:22:20 EDT" skipped="0">
  <testcase classname="com.testng.code.Rediff_TestNG" name="logincheck" time="7.030"/>
  <system-out/>
</testsuite> <!-- com.testng.code.Rediff_TestNG -->
