<?xml version="1.0" encoding="UTF-8"?>
<!-- Generated by org.testng.reporters.JUnitReportReporter -->
<testsuite hostname="DESKTOP-4BSLIP7" failures="0" tests="1" name="com.testng.code.Rediff_TestNG_A" time="8.673" errors="0" timestamp="2022-08-02T22:14:35 EDT" skipped="0">
  <testcase classname="com.testng.code.Rediff_TestNG_A" name="LoginCredidentials" time="8.673"/>
  <system-out/>
</testsuite> <!-- com.testng.code.Rediff_TestNG_A -->
