<?xml version="1.0" encoding="UTF-8"?>
<!-- Generated by org.testng.reporters.JUnitReportReporter -->
<testsuite hostname="DESKTOP-4BSLIP7" failures="0" tests="3" name="Basic_DataProvider.Basic_Data_Providers" time="0.008" errors="0" timestamp="2022-08-28T19:21:33 EDT" skipped="0">
  <testcase classname="Basic_DataProvider.Basic_Data_Providers" name="RegisteringNewUser" time="0.001"/>
  <system-out/>
  <testcase classname="Basic_DataProvider.Basic_Data_Providers" name="RegisteringNewUser" time="0.006"/>
  <system-out/>
  <testcase classname="Basic_DataProvider.Basic_Data_Providers" name="RegisteringNewUser" time="0.001"/>
  <system-out/>
</testsuite> <!-- Basic_DataProvider.Basic_Data_Providers -->
