<?xml version="1.0" encoding="UTF-8"?>
<!-- Generated by org.testng.reporters.JUnitReportReporter -->
<testsuite hostname="DESKTOP-4BSLIP7" failures="0" tests="2" name="com.testng.code.Assertions" time="6.303" errors="0" timestamp="2022-08-02T22:43:59 EDT" skipped="0">
  <testcase classname="com.testng.code.Assertions" name="Test1" time="0.001"/>
  <system-out/>
  <testcase classname="com.testng.code.Assertions" name="LaunchBrowser" time="6.302"/>
  <system-out/>
</testsuite> <!-- com.testng.code.Assertions -->
