<?xml version="1.0" encoding="UTF-8"?>
<!-- Generated by org.testng.reporters.JUnitReportReporter -->
<testsuite hostname="DESKTOP-4BSLIP7" failures="0" tests="4" name="com.testng.code.Priority_TestCases_Execution" time="0.004" errors="0" timestamp="2022-08-16T16:30:31 EDT" skipped="1">
  <testcase classname="com.testng.code.Priority_TestCases_Execution" name="Ballon" time="0.000"/>
  <system-out/>
  <testcase classname="com.testng.code.Priority_TestCases_Execution" name="Coding" time="0.002"/>
  <system-out/>
  <testcase classname="com.testng.code.Priority_TestCases_Execution" name="Apple" time="0.002"/>
  <system-out/>
  <testcase classname="com.testng.code.Priority_TestCases_Execution" name="Zebra">
    <skipped/>
  </testcase> <!-- Zebra -->
  <system-out/>
</testsuite> <!-- com.testng.code.Priority_TestCases_Execution -->
