<?xml version="1.0" encoding="UTF-8"?>
<!-- Generated by org.testng.reporters.JUnitReportReporter -->
<testsuite hostname="DESKTOP-4BSLIP7" failures="0" tests="3" name="com.testng.code.TestNG_Intro" time="0.008" errors="0" timestamp="2022-08-02T20:00:56 EDT" skipped="0">
  <testcase classname="com.testng.code.TestNG_Intro" name="BB" time="0.006"/>
  <system-out/>
  <testcase classname="com.testng.code.TestNG_Intro" name="AA" time="0.001"/>
  <system-out/>
  <testcase classname="com.testng.code.TestNG_Intro" name="CC" time="0.001"/>
  <system-out/>
</testsuite> <!-- com.testng.code.TestNG_Intro -->
