<?xml version="1.0" encoding="UTF-8"?>
<!-- Generated by org.testng.reporters.JUnitReportReporter -->
<testsuite hostname="DESKTOP-4BSLIP7" failures="0" tests="3" name="com.testng.code.Data_Providers" time="0.007" errors="0" timestamp="2022-08-15T19:17:03 EDT" skipped="0">
  <testcase classname="com.testng.code.Data_Providers" name="RegisteringNewUser" time="0.001"/>
  <system-out/>
  <testcase classname="com.testng.code.Data_Providers" name="RegisteringNewUser" time="0.001"/>
  <system-out/>
  <testcase classname="com.testng.code.Data_Providers" name="RegisteringNewUser" time="0.005"/>
  <system-out/>
</testsuite> <!-- com.testng.code.Data_Providers -->
