<?xml version="1.0" encoding="UTF-8"?>
<!-- Generated by org.testng.reporters.JUnitReportReporter -->
<testsuite hostname="DESKTOP-4BSLIP7" failures="0" tests="1" name="ExtendedReports.Extent_Reports_Basic" time="0.640" errors="0" timestamp="2022-08-24T18:38:57 EDT" skipped="0">
  <testcase classname="ExtendedReports.Extent_Reports_Basic" name="login" time="0.640"/>
  <system-out/>
</testsuite> <!-- ExtendedReports.Extent_Reports_Basic -->
