<?xml version="1.0" encoding="UTF-8"?>
<!-- Generated by org.testng.reporters.JUnitReportReporter -->
<testsuite hostname="DESKTOP-4BSLIP7" failures="0" tests="6" name="com.testng.code.AlwaysRun_True" time="0.011" errors="0" timestamp="2022-08-02T20:11:39 EDT" skipped="1">
  <testcase classname="com.testng.code.AlwaysRun_True" name="TestCase5" time="0.001"/>
  <system-out/>
  <testcase classname="com.testng.code.AlwaysRun_True" name="TestCase4" time="0.001"/>
  <system-out/>
  <testcase classname="com.testng.code.AlwaysRun_True" name="testCase3" time="0.000"/>
  <system-out/>
  <testcase classname="com.testng.code.AlwaysRun_True" name="TestCase2" time="0.008"/>
  <system-out/>
  <testcase classname="com.testng.code.AlwaysRun_True" name="testCase6" time="0.001"/>
  <system-out/>
  <testcase classname="com.testng.code.AlwaysRun_True" name="TestCase1">
    <skipped/>
  </testcase> <!-- TestCase1 -->
  <system-out/>
</testsuite> <!-- com.testng.code.AlwaysRun_True -->
