<?xml version="1.0" encoding="UTF-8"?>
<!-- Generated by org.testng.reporters.JUnitReportReporter -->
<testsuite hostname="DESKTOP-4BSLIP7" failures="0" tests="1" name="TestNG_xml_parameterization.Intro_testNgxml" time="4.990" errors="0" timestamp="2022-08-27T21:17:10 EDT" skipped="0">
  <testcase classname="TestNG_xml_parameterization.Intro_testNgxml" name="Setup" time="4.990"/>
  <system-out/>
</testsuite> <!-- TestNG_xml_parameterization.Intro_testNgxml -->
