<?xml version="1.0" encoding="UTF-8"?>
<!-- Generated by org.testng.reporters.JUnitReportReporter -->
<testsuite hostname="DESKTOP-4BSLIP7" failures="0" tests="1" name="com.testng.code.Sequence_TestNG_Annotations_Execution" time="0.006" errors="0" timestamp="2022-08-01T17:04:53 EDT" skipped="0">
  <testcase classname="com.testng.code.Sequence_TestNG_Annotations_Execution" name="CheckTest" time="0.006"/>
  <system-out/>
</testsuite> <!-- com.testng.code.Sequence_TestNG_Annotations_Execution -->
