<?xml version="1.0" encoding="UTF-8"?>
<!-- Generated by org.testng.reporters.JUnitReportReporter -->
<testsuite hostname="DESKTOP-4BSLIP7" failures="0" tests="3" name="com.testng.code.Dependencies_TestCases" time="9.558" errors="0" timestamp="2022-08-16T16:30:31 EDT" skipped="0">
  <testcase classname="com.testng.code.Dependencies_TestCases" name="LoginPage" time="0.166"/>
  <system-out/>
  <testcase classname="com.testng.code.Dependencies_TestCases" name="URLopen" time="7.337"/>
  <system-out/>
  <testcase classname="com.testng.code.Dependencies_TestCases" name="GotoSignin" time="2.055"/>
  <system-out/>
</testsuite> <!-- com.testng.code.Dependencies_TestCases -->
