<?xml version="1.0" encoding="UTF-8"?>
<!-- Generated by org.testng.reporters.JUnitReportReporter -->
<testsuite hostname="DESKTOP-4BSLIP7" failures="0" tests="6" name="com.testng.code.Enablement_Disablement_TestCases" time="0.014" errors="0" timestamp="2022-08-02T20:05:33 EDT" skipped="1">
  <testcase classname="com.testng.code.Enablement_Disablement_TestCases" name="TestCase5" time="0.001"/>
  <system-out/>
  <testcase classname="com.testng.code.Enablement_Disablement_TestCases" name="TestCase2" time="0.001"/>
  <system-out/>
  <testcase classname="com.testng.code.Enablement_Disablement_TestCases" name="testCase3" time="0.002"/>
  <system-out/>
  <testcase classname="com.testng.code.Enablement_Disablement_TestCases" name="TestCase1" time="0.009"/>
  <system-out/>
  <testcase classname="com.testng.code.Enablement_Disablement_TestCases" name="testCase6" time="0.001"/>
  <system-out/>
  <testcase classname="com.testng.code.Enablement_Disablement_TestCases" name="TestCase4">
    <skipped/>
  </testcase> <!-- TestCase4 -->
  <system-out/>
</testsuite> <!-- com.testng.code.Enablement_Disablement_TestCases -->
