<?xml version="1.0" encoding="UTF-8"?>
<!-- Generated by org.testng.reporters.JUnitReportReporter -->
<testsuite hostname="DESKTOP-4BSLIP7" failures="0" tests="5" name="Run_Testcase_Parallel.TestNg_Parallel_Part2" time="48.124" errors="0" timestamp="2022-08-28T20:40:28 EDT" skipped="0">
  <testcase classname="Run_Testcase_Parallel.TestNg_Parallel_Part2" name="TestCase1" time="11.438"/>
  <system-out/>
  <testcase classname="Run_Testcase_Parallel.TestNg_Parallel_Part2" name="TestCase2" time="13.206"/>
  <system-out/>
  <testcase classname="Run_Testcase_Parallel.TestNg_Parallel_Part2" name="TestCase3" time="0.016"/>
  <system-out/>
  <testcase classname="Run_Testcase_Parallel.TestNg_Parallel_Part2" name="TestCase1" time="11.580"/>
  <system-out/>
  <testcase classname="Run_Testcase_Parallel.TestNg_Parallel_Part2" name="TestCase1" time="11.884"/>
  <system-out/>
</testsuite> <!-- Run_Testcase_Parallel.TestNg_Parallel_Part2 -->
