<?xml version="1.0" encoding="UTF-8"?>
<!-- Generated by org.testng.reporters.JUnitReportReporter -->
<testsuite hostname="DESKTOP-4BSLIP7" failures="0" tests="9" name="A_data_DataProvider_Test.TestCase_Dataprovider" time="0.015" errors="0" timestamp="2022-08-16T16:59:34 EDT" skipped="0">
  <testcase classname="A_data_DataProvider_Test.TestCase_Dataprovider" name="adduser" time="0.001"/>
  <system-out/>
  <testcase classname="A_data_DataProvider_Test.TestCase_Dataprovider" name="RegisterUser" time="0.001"/>
  <system-out/>
  <testcase classname="A_data_DataProvider_Test.TestCase_Dataprovider" name="adduser" time="0.001"/>
  <system-out/>
  <testcase classname="A_data_DataProvider_Test.TestCase_Dataprovider" name="adduser" time="0.001"/>
  <system-out/>
  <testcase classname="A_data_DataProvider_Test.TestCase_Dataprovider" name="deleteUser" time="0.001"/>
  <system-out/>
  <testcase classname="A_data_DataProvider_Test.TestCase_Dataprovider" name="RegisterUser" time="0.006"/>
  <system-out/>
  <testcase classname="A_data_DataProvider_Test.TestCase_Dataprovider" name="deleteUser" time="0.001"/>
  <system-out/>
  <testcase classname="A_data_DataProvider_Test.TestCase_Dataprovider" name="RegisterUser" time="0.001"/>
  <system-out/>
  <testcase classname="A_data_DataProvider_Test.TestCase_Dataprovider" name="deleteUser" time="0.002"/>
  <system-out/>
</testsuite> <!-- A_data_DataProvider_Test.TestCase_Dataprovider -->
