<?xml version="1.0" encoding="UTF-8"?>
<!-- Generated by org.testng.reporters.JUnitReportReporter -->
<testsuite hostname="DESKTOP-4BSLIP7" failures="0" tests="5" name="Groups_TestNG.Group_Concept" time="0.013" errors="0" timestamp="2022-08-23T18:57:20 EDT" skipped="0">
  <testcase classname="Groups_TestNG.Group_Concept" name="TC5" time="0.001"/>
  <system-out/>
  <testcase classname="Groups_TestNG.Group_Concept" name="TC1" time="0.009"/>
  <system-out/>
  <testcase classname="Groups_TestNG.Group_Concept" name="TC2" time="0.001"/>
  <system-out/>
  <testcase classname="Groups_TestNG.Group_Concept" name="TC3" time="0.001"/>
  <system-out/>
  <testcase classname="Groups_TestNG.Group_Concept" name="TC4" time="0.001"/>
  <system-out/>
</testsuite> <!-- Groups_TestNG.Group_Concept -->
