<?xml version="1.0" encoding="UTF-8"?>
<!-- Generated by org.testng.reporters.JUnitReportReporter -->
<testsuite hostname="DESKTOP-4BSLIP7" failures="0" tests="9" name="data_DataProvider.TestCase_Dataprovider" time="0.016" errors="0" timestamp="2022-08-15T19:44:11 EDT" skipped="0">
  <testcase classname="data_DataProvider.TestCase_Dataprovider" name="adduser" time="0.001"/>
  <system-out/>
  <testcase classname="data_DataProvider.TestCase_Dataprovider" name="RegisterUser" time="0.001"/>
  <system-out/>
  <testcase classname="data_DataProvider.TestCase_Dataprovider" name="adduser" time="0.001"/>
  <system-out/>
  <testcase classname="data_DataProvider.TestCase_Dataprovider" name="adduser" time="0.001"/>
  <system-out/>
  <testcase classname="data_DataProvider.TestCase_Dataprovider" name="deleteUser" time="0.002"/>
  <system-out/>
  <testcase classname="data_DataProvider.TestCase_Dataprovider" name="RegisterUser" time="0.006"/>
  <system-out/>
  <testcase classname="data_DataProvider.TestCase_Dataprovider" name="deleteUser" time="0.001"/>
  <system-out/>
  <testcase classname="data_DataProvider.TestCase_Dataprovider" name="RegisterUser" time="0.002"/>
  <system-out/>
  <testcase classname="data_DataProvider.TestCase_Dataprovider" name="deleteUser" time="0.001"/>
  <system-out/>
</testsuite> <!-- data_DataProvider.TestCase_Dataprovider -->
