<?xml version="1.0" encoding="UTF-8"?>
<!-- Generated by org.testng.reporters.JUnitReportReporter -->
<testsuite hostname="DESKTOP-4BSLIP7" failures="0" tests="3" name="com.testng.code.Tri_Combo_TestNG" time="0.012" errors="0" timestamp="2022-08-02T19:43:28 EDT" skipped="0">
  <testcase classname="com.testng.code.Tri_Combo_TestNG" name="TestCase2" time="0.002"/>
  <system-out/>
  <testcase classname="com.testng.code.Tri_Combo_TestNG" name="testCase3" time="0.001"/>
  <system-out/>
  <testcase classname="com.testng.code.Tri_Combo_TestNG" name="TestCase1" time="0.009"/>
  <system-out/>
</testsuite> <!-- com.testng.code.Tri_Combo_TestNG -->
