<?xml version="1.0" encoding="UTF-8"?>
<!-- Generated by org.testng.reporters.JUnitReportReporter -->
<testsuite hostname="DESKTOP-4BSLIP7" failures="0" tests="1" name="com.testng.code.Sequence_Annotations$TestNG" time="0.005" errors="0" timestamp="2022-08-14T16:50:51 EDT" skipped="0">
  <testcase classname="com.testng.code.Sequence_Annotations$TestNG" name="testCase1" time="0.005"/>
  <system-out/>
</testsuite> <!-- com.testng.code.Sequence_Annotations$TestNG -->
